f:\arsen\milkclicker-main\x64\debug\vc143.pdb
f:\arsen\milkclicker-main\x64\debug\.netframework,version=v4.7.2.assemblyattributes.obj
f:\arsen\milkclicker-main\x64\debug\shopform.obj
f:\arsen\milkclicker-main\x64\debug\menuform.obj
f:\arsen\milkclicker-main\x64\debug\gameform.obj
f:\arsen\milkclicker-main\x64\debug\milkclicker.exe
f:\arsen\milkclicker-main\x64\debug\milkclicker.pdb
c:\users\администратор\documents\арсений наянов\milkclicker\x64\debug\milkclicker.gameform.resources
c:\users\администратор\documents\арсений наянов\milkclicker\x64\debug\milkclicker.menuform.resources
c:\users\администратор\documents\арсений наянов\milkclicker\x64\debug\milkclicker.shopform.resources
f:\arsen\milkclicker-main\x64\debug\milkclicker.gameform.resources
f:\arsen\milkclicker-main\x64\debug\milkclicker.menuform.resources
f:\arsen\milkclicker-main\x64\debug\milkclicker.shopform.resources
c:\users\администратор\documents\арсений наянов\milkclicker\x64\debug\milkclicker.vcxproj.assemblyreference.cache
c:\users\администратор\documents\арсений наянов\milkclicker\x64\debug\milkclicker.vcxproj.generateresource.cache
c:\users\администратор\documents\арсений наянов\milkclicker\x64\debug\milkclicker.vcxproj.suggestedbindingredirects.cache
c:\users\администратор\documents\арсений наянов\milkclicker\x64\debug\milkclicker.vcxprojassemblyreference.cache
c:\users\администратор\documents\арсений наянов\milkclicker\x64\debug\.netframework,version=v4.6.1.assemblyattributes.obj
c:\users\администратор\documents\арсений наянов\milkclicker\x64\debug\gameform.obj
c:\users\администратор\documents\арсений наянов\milkclicker\x64\debug\menuform.obj
c:\users\администратор\documents\арсений наянов\milkclicker\x64\debug\shopform.obj
c:\users\администратор\documents\арсений наянов\milkclicker\x64\debug\milkclicker.pdb
c:\users\администратор\documents\арсений наянов\milkclicker\x64\debug\vc142.pdb
c:\users\администратор\documents\арсений наянов\milkclicker\x64\debug\vc143.pdb
c:\users\администратор\documents\арсений наянов\milkclicker\x64\debug\milkclicker.exe.metagen
c:\users\администратор\documents\арсений наянов\milkclicker\x64\debug\milkclicker.exe
c:\users\администратор\documents\арсений наянов\milkclicker\x64\debug\milkclicker.tlog\cl.command.1.tlog
c:\users\администратор\documents\арсений наянов\milkclicker\x64\debug\milkclicker.tlog\cl.read.1.tlog
c:\users\администратор\documents\арсений наянов\milkclicker\x64\debug\milkclicker.tlog\cl.write.1.tlog
c:\users\администратор\documents\арсений наянов\milkclicker\x64\debug\milkclicker.tlog\link.command.1.tlog
c:\users\администратор\documents\арсений наянов\milkclicker\x64\debug\milkclicker.tlog\link.read.1.tlog
c:\users\администратор\documents\арсений наянов\milkclicker\x64\debug\milkclicker.tlog\link.write.1.tlog
c:\users\администратор\documents\арсений наянов\milkclicker\x64\debug\milkclicker.tlog\metagen.read.1.tlog
c:\users\администратор\documents\арсений наянов\milkclicker\x64\debug\milkclicker.tlog\metagen.write.1.tlog
c:\users\администратор\documents\арсений наянов\milkclicker\x64\debug\milkclicker.tlog\milkclicker.write.1u.tlog
